2018-08-19T17:55:35.397-0300 INFO Starting JavApiApplication on ubuntuBook with PID 1054 (/home/hb/Documents/GitHub/JavAPI/target/classes started by hb in /home/hb/Documents/GitHub/JavAPI)
2018-08-19T17:55:35.405-0300 INFO No active profile set, falling back to default profiles: default
2018-08-19T17:55:41.124-0300 INFO Started JavApiApplication in 6.409 seconds (JVM running for 7.836)
2018-08-19T17:55:41.129-0300 INFO Info log
2018-08-19T17:55:41.129-0300 WARN Hey, This is a warning!
2018-08-19T17:55:41.129-0300 ERROR Oops! We have an Error. OK
2018-08-19T17:55:41.129-0300 FATAL Damn! Fatal error. Please fix me.
2018-08-19T17:55:41.129-0300 INFO This is an info message
2018-08-19T17:55:41.129-0300 WARN This is a warn message
2018-08-19T17:55:41.129-0300 ERROR This is an error message
2018-08-19T17:55:41.130-0300 FATAL This is a fatal message
2018-08-19T17:57:42.278-0300 INFO  JavApiApplication:50 - Starting JavApiApplication on ubuntuBook with PID 1562 (/home/hb/Documents/GitHub/JavAPI/target/classes started by hb in /home/hb/Documents/GitHub/JavAPI)
2018-08-19T17:57:42.300-0300 INFO  JavApiApplication:662 - No active profile set, falling back to default profiles: default
2018-08-19T17:57:47.282-0300 INFO  JavApiApplication:59 - Started JavApiApplication in 5.648 seconds (JVM running for 6.812)
2018-08-19T17:57:47.286-0300 INFO  JavApiApplication:25 - Info log
2018-08-19T17:57:47.286-0300 WARN  JavApiApplication:26 - Hey, This is a warning!
2018-08-19T17:57:47.287-0300 ERROR JavApiApplication:27 - Oops! We have an Error. OK
2018-08-19T17:57:47.287-0300 FATAL JavApiApplication:28 - Damn! Fatal error. Please fix me.
2018-08-19T17:57:47.288-0300 INFO  JavApiApplication:31 - This is an info message
2018-08-19T17:57:47.288-0300 WARN  JavApiApplication:32 - This is a warn message
2018-08-19T17:57:47.288-0300 ERROR JavApiApplication:33 - This is an error message
2018-08-19T17:57:47.289-0300 FATAL JavApiApplication:34 - This is a fatal message
2018-08-19T17:58:17.955-0300 INFO  JavApiApplication:50 - Starting JavApiApplication on ubuntuBook with PID 1857 (/home/hb/Documents/GitHub/JavAPI/target/classes started by hb in /home/hb/Documents/GitHub/JavAPI)
2018-08-19T17:58:17.966-0300 INFO  JavApiApplication:662 - No active profile set, falling back to default profiles: default
2018-08-19T17:58:23.232-0300 INFO  JavApiApplication:59 - Started JavApiApplication in 5.743 seconds (JVM running for 6.929)
2018-08-19T17:58:23.236-0300 INFO  JavApiApplication:25 - Info log
2018-08-19T17:58:23.236-0300 WARN  JavApiApplication:26 - Hey, This is a warning!
2018-08-19T17:58:23.237-0300 ERROR JavApiApplication:27 - Oops! We have an Error. OK
2018-08-19T17:58:23.237-0300 FATAL JavApiApplication:28 - Damn! Fatal error. Please fix me.
2018-08-19T17:58:23.237-0300 INFO  JavApiApplication:31 - This is an info message
2018-08-19T17:58:23.238-0300 WARN  JavApiApplication:32 - This is a warn message
2018-08-19T17:58:23.238-0300 ERROR JavApiApplication:33 - This is an error message
2018-08-19T17:58:23.238-0300 FATAL JavApiApplication:34 - This is a fatal message
[30m17:59:13.463 INFO  cl.hiperactivo.javapi.JavApiApplication.logStarting() @50 - Starting JavApiApplication on ubuntuBook with PID 2094 (/home/hb/Documents/GitHub/JavAPI/target/classes started by hb in /home/hb/Documents/GitHub/JavAPI)
[m"[30m17:59:13.471 INFO  cl.hiperactivo.javapi.JavApiApplication.logStartupProfileInfo() @662 - No active profile set, falling back to default profiles: default
[m"[30m17:59:20.210 INFO  cl.hiperactivo.javapi.JavApiApplication.logStarting() @50 - Starting JavApiApplication on ubuntuBook with PID 2183 (/home/hb/Documents/GitHub/JavAPI/target/classes started by hb in /home/hb/Documents/GitHub/JavAPI)
[m"[30m17:59:20.221 INFO  cl.hiperactivo.javapi.JavApiApplication.logStartupProfileInfo() @662 - No active profile set, falling back to default profiles: default
[m"[30m17:59:25.582 INFO  cl.hiperactivo.javapi.JavApiApplication.logStarted() @59 - Started JavApiApplication in 5.922 seconds (JVM running for 7.094)
[m"[30m17:59:25.586 INFO  cl.hiperactivo.javapi.JavApiApplication.main() @25 - Info log
[m"[33m17:59:25.587 WARN  cl.hiperactivo.javapi.JavApiApplication.main() @26 - Hey, This is a warning!
[m"[31m17:59:25.588 ERROR cl.hiperactivo.javapi.JavApiApplication.main() @27 - Oops! We have an Error. OK
[m"[31;5m17:59:25.588 FATAL cl.hiperactivo.javapi.JavApiApplication.main() @28 - Damn! Fatal error. Please fix me.
[m"[30m17:59:25.588 INFO  cl.hiperactivo.javapi.JavApiApplication.main() @31 - This is an info message
[m"[33m17:59:25.588 WARN  cl.hiperactivo.javapi.JavApiApplication.main() @32 - This is a warn message
[m"[31m17:59:25.589 ERROR cl.hiperactivo.javapi.JavApiApplication.main() @33 - This is an error message
[m"[31;5m17:59:25.589 FATAL cl.hiperactivo.javapi.JavApiApplication.main() @34 - This is a fatal message
[m"[32m2018-08-19 18:00:41 INFO  JavApiApplication:50 - Starting JavApiApplication on ubuntuBook with PID 2407 (/home/hb/Documents/GitHub/JavAPI/target/classes started by hb in /home/hb/Documents/GitHub/JavAPI)
[m"[32m2018-08-19 18:00:41 INFO  JavApiApplication:662 - No active profile set, falling back to default profiles: default
[m"[32m2018-08-19 18:00:45 INFO  JavApiApplication:50 - Starting JavApiApplication on ubuntuBook with PID 2508 (/home/hb/Documents/GitHub/JavAPI/target/classes started by hb in /home/hb/Documents/GitHub/JavAPI)
[m[32m2018-08-19 18:00:45 INFO  JavApiApplication:662 - No active profile set, falling back to default profiles: default
[m[32m2018-08-19 18:00:50 INFO  JavApiApplication:59 - Started JavApiApplication in 5.569 seconds (JVM running for 6.648)
[m[32m2018-08-19 18:00:50 INFO  JavApiApplication:25 - Info log
[m[33m2018-08-19 18:00:50 WARN  JavApiApplication:26 - Hey, This is a warning!
[m[1;31m2018-08-19 18:00:50 ERROR JavApiApplication:27 - Oops! We have an Error. OK
[m[1;31m2018-08-19 18:00:50 FATAL JavApiApplication:28 - Damn! Fatal error. Please fix me.
[m[32m2018-08-19 18:00:50 INFO  JavApiApplication:31 - This is an info message
[m[33m2018-08-19 18:00:50 WARN  JavApiApplication:32 - This is a warn message
[m[1;31m2018-08-19 18:00:50 ERROR JavApiApplication:33 - This is an error message
[m[1;31m2018-08-19 18:00:50 FATAL JavApiApplication:34 - This is a fatal message
[m[32m2018-08-19 18:00:56 INFO  JavApiApplication:50 - Starting JavApiApplication on ubuntuBook with PID 2648 (/home/hb/Documents/GitHub/JavAPI/target/classes started by hb in /home/hb/Documents/GitHub/JavAPI)
[m[32m2018-08-19 18:00:56 INFO  JavApiApplication:662 - No active profile set, falling back to default profiles: default
[m[32m2018-08-19 18:01:01 INFO  JavApiApplication:59 - Started JavApiApplication in 5.403 seconds (JVM running for 6.577)
[m[32m2018-08-19 18:01:01 INFO  JavApiApplication:25 - Info log
[m[33m2018-08-19 18:01:01 WARN  JavApiApplication:26 - Hey, This is a warning!
[m[1;31m2018-08-19 18:01:01 ERROR JavApiApplication:27 - Oops! We have an Error. OK
[m[1;31m2018-08-19 18:01:01 FATAL JavApiApplication:28 - Damn! Fatal error. Please fix me.
[m[32m2018-08-19 18:01:01 INFO  JavApiApplication:31 - This is an info message
[m[33m2018-08-19 18:01:01 WARN  JavApiApplication:32 - This is a warn message
[m[1;31m2018-08-19 18:01:01 ERROR JavApiApplication:33 - This is an error message
[m[1;31m2018-08-19 18:01:01 FATAL JavApiApplication:34 - This is a fatal message
[m%d{yyyy-MM-dd HH:mm:ss} INFO  JavApiApplication:50 - Starting JavApiApplication on ubuntuBook with PID 2967 (/home/hb/Documents/GitHub/JavAPI/target/classes started by hb in /home/hb/Documents/GitHub/JavAPI)
%d{yyyy-MM-dd HH:mm:ss} INFO  JavApiApplication:662 - No active profile set, falling back to default profiles: default
%d{yyyy-MM-dd HH:mm:ss} INFO  JavApiApplication:59 - Started JavApiApplication in 5.468 seconds (JVM running for 6.521)
%d{yyyy-MM-dd HH:mm:ss} INFO  JavApiApplication:25 - Info log
%d{yyyy-MM-dd HH:mm:ss} WARN  JavApiApplication:26 - Hey, This is a warning!
%d{yyyy-MM-dd HH:mm:ss} ERROR JavApiApplication:27 - Oops! We have an Error. OK
%d{yyyy-MM-dd HH:mm:ss} FATAL JavApiApplication:28 - Damn! Fatal error. Please fix me.
%d{yyyy-MM-dd HH:mm:ss} INFO  JavApiApplication:31 - This is an info message
%d{yyyy-MM-dd HH:mm:ss} WARN  JavApiApplication:32 - This is a warn message
%d{yyyy-MM-dd HH:mm:ss} ERROR JavApiApplication:33 - This is an error message
%d{yyyy-MM-dd HH:mm:ss} FATAL JavApiApplication:34 - This is a fatal message
2018-08-19 18:02:12 INFO  JavApiApplication:50 - Starting JavApiApplication on ubuntuBook with PID 3085 (/home/hb/Documents/GitHub/JavAPI/target/classes started by hb in /home/hb/Documents/GitHub/JavAPI)
2018-08-19 18:02:12 INFO  JavApiApplication:662 - No active profile set, falling back to default profiles: default
2018-08-19 18:02:17 INFO  JavApiApplication:59 - Started JavApiApplication in 5.389 seconds (JVM running for 6.47)
2018-08-19 18:02:17 INFO  JavApiApplication:25 - Info log
2018-08-19 18:02:17 WARN  JavApiApplication:26 - Hey, This is a warning!
2018-08-19 18:02:17 ERROR JavApiApplication:27 - Oops! We have an Error. OK
2018-08-19 18:02:17 FATAL JavApiApplication:28 - Damn! Fatal error. Please fix me.
2018-08-19 18:02:17 INFO  JavApiApplication:31 - This is an info message
2018-08-19 18:02:17 WARN  JavApiApplication:32 - This is a warn message
2018-08-19 18:02:17 ERROR JavApiApplication:33 - This is an error message
2018-08-19 18:02:17 FATAL JavApiApplication:34 - This is a fatal message
2018-08-19 18:02:25 highlight{INFO } JavApiApplication:50 - Starting JavApiApplication on ubuntuBook with PID 3247 (/home/hb/Documents/GitHub/JavAPI/target/classes started by hb in /home/hb/Documents/GitHub/JavAPI)
2018-08-19 18:02:25 highlight{INFO } JavApiApplication:662 - No active profile set, falling back to default profiles: default
2018-08-19 18:02:30 highlight{INFO } JavApiApplication:59 - Started JavApiApplication in 5.564 seconds (JVM running for 6.716)
2018-08-19 18:02:30 highlight{INFO } JavApiApplication:25 - Info log
2018-08-19 18:02:30 highlight{WARN } JavApiApplication:26 - Hey, This is a warning!
2018-08-19 18:02:30 highlight{ERROR} JavApiApplication:27 - Oops! We have an Error. OK
2018-08-19 18:02:30 highlight{FATAL} JavApiApplication:28 - Damn! Fatal error. Please fix me.
2018-08-19 18:02:30 highlight{INFO } JavApiApplication:31 - This is an info message
2018-08-19 18:02:30 highlight{WARN } JavApiApplication:32 - This is a warn message
2018-08-19 18:02:30 highlight{ERROR} JavApiApplication:33 - This is an error message
2018-08-19 18:02:30 highlight{FATAL} JavApiApplication:34 - This is a fatal message
2018-08-19 18:02:50 INFO  JavApiApplication:50 - Starting JavApiApplication on ubuntuBook with PID 3378 (/home/hb/Documents/GitHub/JavAPI/target/classes started by hb in /home/hb/Documents/GitHub/JavAPI)
2018-08-19 18:02:50 INFO  JavApiApplication:662 - No active profile set, falling back to default profiles: default
2018-08-19 18:02:56 INFO  JavApiApplication:59 - Started JavApiApplication in 6.527 seconds (JVM running for 7.832)
2018-08-19 18:02:56 INFO  JavApiApplication:25 - Info log
2018-08-19 18:02:56 WARN  JavApiApplication:26 - Hey, This is a warning!
2018-08-19 18:02:56 ERROR JavApiApplication:27 - Oops! We have an Error. OK
2018-08-19 18:02:56 FATAL JavApiApplication:28 - Damn! Fatal error. Please fix me.
2018-08-19 18:02:56 INFO  JavApiApplication:31 - This is an info message
2018-08-19 18:02:56 WARN  JavApiApplication:32 - This is a warn message
2018-08-19 18:02:56 ERROR JavApiApplication:33 - This is an error message
2018-08-19 18:02:56 FATAL JavApiApplication:34 - This is a fatal message
2018-08-19 18:03:17 [32mINFO [m JavApiApplication:50 - Starting JavApiApplication on ubuntuBook with PID 3562 (/home/hb/Documents/GitHub/JavAPI/target/classes started by hb in /home/hb/Documents/GitHub/JavAPI)
2018-08-19 18:03:18 [32mINFO [m JavApiApplication:662 - No active profile set, falling back to default profiles: default
2018-08-19 18:03:23 [32mINFO [m JavApiApplication:59 - Started JavApiApplication in 6.109 seconds (JVM running for 7.206)
2018-08-19 18:03:23 [32mINFO [m JavApiApplication:25 - Info log
2018-08-19 18:03:23 [33mWARN [m JavApiApplication:26 - Hey, This is a warning!
2018-08-19 18:03:23 [1;31mERROR[m JavApiApplication:27 - Oops! We have an Error. OK
2018-08-19 18:03:23 [1;31mFATAL[m JavApiApplication:28 - Damn! Fatal error. Please fix me.
2018-08-19 18:03:23 [32mINFO [m JavApiApplication:31 - This is an info message
2018-08-19 18:03:23 [33mWARN [m JavApiApplication:32 - This is a warn message
2018-08-19 18:03:23 [1;31mERROR[m JavApiApplication:33 - This is an error message
2018-08-19 18:03:23 [1;31mFATAL[m JavApiApplication:34 - This is a fatal message
2018-08-19 18:04:32 [32mINFO [m JavApiApplication:50 - Starting JavApiApplication on ubuntuBook with PID 3731 (/home/hb/Documents/GitHub/JavAPI/target/classes started by hb in /home/hb/Documents/GitHub/JavAPI)
2018-08-19 18:04:32 [32mINFO [m JavApiApplication:662 - No active profile set, falling back to default profiles: default
2018-08-19 18:04:42 [32mINFO [m JavApiApplication:50 - Starting JavApiApplication on ubuntuBook with PID 3828 (/home/hb/Documents/GitHub/JavAPI/target/classes started by hb in /home/hb/Documents/GitHub/JavAPI)
2018-08-19 18:04:42 [32mINFO [m JavApiApplication:662 - No active profile set, falling back to default profiles: default
2018-08-19 18:04:47 [32mINFO [m JavApiApplication:59 - Started JavApiApplication in 5.812 seconds (JVM running for 6.915)
2018-08-19 18:04:47 [32mINFO [m JavApiApplication:24 - Info log
2018-08-19 18:04:47 [33mWARN [m JavApiApplication:25 - Hey, This is a warning!
2018-08-19 18:04:47 [1;31mERROR[m JavApiApplication:26 - Oops! We have an Error. OK
2018-08-19 18:04:47 [1;31mFATAL[m JavApiApplication:27 - Damn! Fatal error. Please fix me.
2018-08-19 18:04:47 [32mINFO [m JavApiApplication:30 - This is an info message
2018-08-19 18:04:47 [33mWARN [m JavApiApplication:31 - This is a warn message
2018-08-19 18:04:47 [1;31mERROR[m JavApiApplication:32 - This is an error message
2018-08-19 18:04:47 [1;31mFATAL[m JavApiApplication:33 - This is a fatal message
2018-08-19 18:05:41 [32mINFO [m IndexController:25 - IndexController: GET saludar();
2018-08-19 18:05:41 [32mINFO [m IndexController:28 - This is an info message
2018-08-19 18:05:41 [33mWARN [m IndexController:29 - This is a warn message
2018-08-19 18:05:41 [1;31mERROR[m IndexController:30 - This is an error message
2018-08-19 18:05:41 [1;31mFATAL[m IndexController:31 - This is a fatal message
2018-08-19 18:08:00 [32mINFO [m JavApiApplicationTests:50 - Starting JavApiApplicationTests on ubuntuBook with PID 4167 (started by hb in /home/hb/Documents/GitHub/JavAPI)
2018-08-19 18:08:00 [32mINFO [m JavApiApplicationTests:662 - No active profile set, falling back to default profiles: default
2018-08-19 18:08:09 [32mINFO [m JavApiApplicationTests:59 - Started JavApiApplicationTests in 9.435 seconds (JVM running for 11.234)
2018-08-19 18:10:47 [32mINFO [m JavApiApplication:50 - Starting JavApiApplication on ubuntuBook with PID 4384 (/home/hb/Documents/GitHub/JavAPI/target/classes started by hb in /home/hb/Documents/GitHub/JavAPI)
2018-08-19 18:10:47 [32mINFO [m JavApiApplication:662 - No active profile set, falling back to default profiles: default
2018-08-19 18:10:54 [32mINFO [m JavApiApplication:59 - Started JavApiApplication in 7.927 seconds (JVM running for 9.927)
2018-08-19 18:10:54 [32mINFO [m JavApiApplication:24 - Info log
2018-08-19 18:10:54 [33mWARN [m JavApiApplication:25 - Hey, This is a warning!
2018-08-19 18:10:54 [1;31mERROR[m JavApiApplication:26 - Oops! We have an Error. OK
2018-08-19 18:10:54 [1;31mFATAL[m JavApiApplication:27 - Damn! Fatal error. Please fix me.
2018-08-19 18:10:54 [32mINFO [m JavApiApplication:30 - This is an info message
2018-08-19 18:10:54 [33mWARN [m JavApiApplication:31 - This is a warn message
2018-08-19 18:10:54 [1;31mERROR[m JavApiApplication:32 - This is an error message
2018-08-19 18:10:54 [1;31mFATAL[m JavApiApplication:33 - This is a fatal message
<<<<<<< HEAD:JavAPI/logs/JavAPI.log
2018-08-23 18:12:35 [32mINFO [m JavApiApplication:50 - Starting JavApiApplication on HBMacBookPro.local with PID 19520 (/Users/hernanBeiza/Documents/GitHub/JavAPI/JavAPI/target/classes started by hernanBeiza in /Users/hernanBeiza/Documents/GitHub/JavAPI/JavAPI)
2018-08-23 18:12:35 [32mINFO [m JavApiApplication:662 - No active profile set, falling back to default profiles: default
2018-08-23 18:13:23 [32mINFO [m JavApiApplication:50 - Starting JavApiApplication on HBMacBookPro.local with PID 19579 (/Users/hernanBeiza/Documents/GitHub/JavAPI/JavAPI/target/classes started by hernanBeiza in /Users/hernanBeiza/Documents/GitHub/JavAPI/JavAPI)
2018-08-23 18:13:23 [32mINFO [m JavApiApplication:662 - No active profile set, falling back to default profiles: default
2018-08-23 18:14:12 [32mINFO [m JavApiApplication:50 - Starting JavApiApplication on HBMacBookPro.local with PID 19648 (/Users/hernanBeiza/Documents/GitHub/JavAPI/JavAPI/target/classes started by hernanBeiza in /Users/hernanBeiza/Documents/GitHub/JavAPI/JavAPI)
2018-08-23 18:14:12 [32mINFO [m JavApiApplication:662 - No active profile set, falling back to default profiles: default
2018-08-23 18:14:59 [32mINFO [m JavApiApplication:50 - Starting JavApiApplication on HBMacBookPro.local with PID 19706 (/Users/hernanBeiza/Documents/GitHub/JavAPI/JavAPI/target/classes started by hernanBeiza in /Users/hernanBeiza/Documents/GitHub/JavAPI/JavAPI)
2018-08-23 18:15:00 [32mINFO [m JavApiApplication:662 - No active profile set, falling back to default profiles: default
2018-08-23 18:15:55 [32mINFO [m JavApiApplication:50 - Starting JavApiApplication on HBMacBookPro.local with PID 19774 (/Users/hernanBeiza/Documents/GitHub/JavAPI/JavAPI/target/classes started by hernanBeiza in /Users/hernanBeiza/Documents/GitHub/JavAPI/JavAPI)
2018-08-23 18:15:55 [32mINFO [m JavApiApplication:662 - No active profile set, falling back to default profiles: default
2018-08-23 18:16:01 [32mINFO [m JavApiApplication:50 - Starting JavApiApplication on HBMacBookPro.local with PID 19784 (/Users/hernanBeiza/Documents/GitHub/JavAPI/JavAPI/target/classes started by hernanBeiza in /Users/hernanBeiza/Documents/GitHub/JavAPI/JavAPI)
2018-08-23 18:16:01 [32mINFO [m JavApiApplication:662 - No active profile set, falling back to default profiles: default
2018-08-23 18:16:08 [32mINFO [m JavApiApplication:59 - Started JavApiApplication in 7.668 seconds (JVM running for 9.852)
2018-08-23 18:16:08 [32mINFO [m JavApiApplication:24 - Info log
2018-08-23 18:16:08 [33mWARN [m JavApiApplication:25 - Hey, This is a warning!
2018-08-23 18:16:08 [1;31mERROR[m JavApiApplication:26 - Oops! We have an Error. OK
2018-08-23 18:16:08 [1;31mFATAL[m JavApiApplication:27 - Damn! Fatal error. Please fix me.
2018-08-23 18:16:08 [32mINFO [m JavApiApplication:30 - This is an info message
2018-08-23 18:16:08 [33mWARN [m JavApiApplication:31 - This is a warn message
2018-08-23 18:16:08 [1;31mERROR[m JavApiApplication:32 - This is an error message
2018-08-23 18:16:08 [1;31mFATAL[m JavApiApplication:33 - This is a fatal message
2018-08-23 18:16:14 [32mINFO [m IndexController:25 - IndexController: GET saludar();
2018-08-23 18:16:14 [32mINFO [m IndexController:28 - This is an info message
2018-08-23 18:16:14 [33mWARN [m IndexController:29 - This is a warn message
2018-08-23 18:16:14 [1;31mERROR[m IndexController:30 - This is an error message
2018-08-23 18:16:14 [1;31mFATAL[m IndexController:31 - This is a fatal message
=======
2018-08-25 19:38:20 [32mINFO [m JavApiApplicationTests:50 - Starting JavApiApplicationTests on ubuntuBook with PID 15631 (started by hb in /home/hb/Documents/GitHub/JavAPI)
2018-08-25 19:38:20 [32mINFO [m JavApiApplicationTests:662 - No active profile set, falling back to default profiles: default
2018-08-25 19:39:30 [32mINFO [m JavApiApplicationTests:50 - Starting JavApiApplicationTests on ubuntuBook with PID 15948 (started by hb in /home/hb/Documents/GitHub/JavAPI)
2018-08-25 19:39:30 [32mINFO [m JavApiApplicationTests:662 - No active profile set, falling back to default profiles: default
2018-08-25 19:39:44 [32mINFO [m JavApiApplicationTests:59 - Started JavApiApplicationTests in 14.302 seconds (JVM running for 17.396)
>>>>>>> 5674cec194be1f07b530e0d5ad5e92562f1a7d3e:logs/JavAPI.log
2018-09-06 12:46:27 [32mINFO [m JavApiApplication:50 - Starting JavApiApplication on HBMacBookPro.local with PID 3430 (/Users/hernanBeiza/Documents/GitHub/JavAPI/JavAPI/target/classes started by hernanBeiza in /Users/hernanBeiza/Documents/GitHub/JavAPI/JavAPI)
2018-09-06 12:46:27 [32mINFO [m JavApiApplication:662 - No active profile set, falling back to default profiles: default
2018-09-06 12:48:09 [32mINFO [m JavApiApplication:50 - Starting JavApiApplication on HBMacBookPro.local with PID 3469 (/Users/hernanBeiza/Documents/GitHub/JavAPI/JavAPI/target/classes started by hernanBeiza in /Users/hernanBeiza/Documents/GitHub/JavAPI/JavAPI)
2018-09-06 12:48:09 [32mINFO [m JavApiApplication:662 - No active profile set, falling back to default profiles: default
2018-09-06 12:49:16 [32mINFO [m JavApiApplication:50 - Starting JavApiApplication on HBMacBookPro.local with PID 3485 (/Users/hernanBeiza/Documents/GitHub/JavAPI/JavAPI/target/classes started by hernanBeiza in /Users/hernanBeiza/Documents/GitHub/JavAPI/JavAPI)
2018-09-06 12:49:16 [32mINFO [m JavApiApplication:662 - No active profile set, falling back to default profiles: default
2018-09-06 12:50:01 [32mINFO [m JavApiApplication:50 - Starting JavApiApplication on HBMacBookPro.local with PID 3498 (/Users/hernanBeiza/Documents/GitHub/JavAPI/JavAPI/target/classes started by hernanBeiza in /Users/hernanBeiza/Documents/GitHub/JavAPI/JavAPI)
2018-09-06 12:50:01 [32mINFO [m JavApiApplication:662 - No active profile set, falling back to default profiles: default
2018-09-06 12:50:07 [32mINFO [m JavApiApplication:59 - Started JavApiApplication in 6.532 seconds (JVM running for 9.007)
2018-09-06 12:50:07 [32mINFO [m JavApiApplication:24 - Info log
2018-09-06 12:50:07 [33mWARN [m JavApiApplication:25 - Hey, This is a warning!
2018-09-06 12:50:07 [1;31mERROR[m JavApiApplication:26 - Oops! We have an Error. OK
2018-09-06 12:50:07 [1;31mFATAL[m JavApiApplication:27 - Damn! Fatal error. Please fix me.
2018-09-06 12:50:07 [32mINFO [m JavApiApplication:30 - This is an info message
2018-09-06 12:50:07 [33mWARN [m JavApiApplication:31 - This is a warn message
2018-09-06 12:50:07 [1;31mERROR[m JavApiApplication:32 - This is an error message
2018-09-06 12:50:07 [1;31mFATAL[m JavApiApplication:33 - This is a fatal message
2018-09-06 12:51:02 [32mINFO [m JavApiApplication:50 - Starting JavApiApplication on HBMacBookPro.local with PID 3515 (/Users/hernanBeiza/Documents/GitHub/JavAPI/JavAPI/target/classes started by hernanBeiza in /Users/hernanBeiza/Documents/GitHub/JavAPI/JavAPI)
2018-09-06 12:51:02 [32mINFO [m JavApiApplication:662 - No active profile set, falling back to default profiles: default
2018-09-06 12:55:29 [32mINFO [m JavApiApplication:50 - Starting JavApiApplication on HBMacBookPro.local with PID 3568 (/Users/hernanBeiza/Documents/GitHub/JavAPI/JavAPI/target/classes started by hernanBeiza in /Users/hernanBeiza/Documents/GitHub/JavAPI/JavAPI)
2018-09-06 12:55:29 [32mINFO [m JavApiApplication:662 - No active profile set, falling back to default profiles: default
2018-09-06 13:03:47 [32mINFO [m JavApiApplication:50 - Starting JavApiApplication on HBMacBookPro.local with PID 3874 (/Users/hernanBeiza/Documents/GitHub/JavAPI/JavAPI/target/classes started by hernanBeiza in /Users/hernanBeiza/Documents/GitHub/JavAPI/JavAPI)
2018-09-06 13:03:47 [32mINFO [m JavApiApplication:662 - No active profile set, falling back to default profiles: default
2018-09-06 13:03:54 [32mINFO [m JavApiApplication:59 - Started JavApiApplication in 7.439 seconds (JVM running for 9.487)
2018-09-06 13:05:29 [32mINFO [m IndexController:25 - IndexController: GET saludar();
2018-09-06 13:05:46 [32mINFO [m JavApiApplication:50 - Starting JavApiApplication on HBMacBookPro.local with PID 3877 (/Users/hernanBeiza/Documents/GitHub/JavAPI/JavAPI/target/classes started by hernanBeiza in /Users/hernanBeiza/Documents/GitHub/JavAPI/JavAPI)
2018-09-06 13:05:46 [32mINFO [m JavApiApplication:662 - No active profile set, falling back to default profiles: default
2018-09-06 13:05:54 [32mINFO [m JavApiApplication:59 - Started JavApiApplication in 9.473 seconds (JVM running for 11.923)
2018-09-06 13:06:15 [32mINFO [m NotaController:23 - GET obtener();
2018-09-06 13:06:28 [32mINFO [m NotaController:34 - GET obtenerConID();
2018-09-06 13:06:55 [32mINFO [m JavApiApplication:50 - Starting JavApiApplication on HBMacBookPro.local with PID 3885 (/Users/hernanBeiza/Documents/GitHub/JavAPI/JavAPI/target/classes started by hernanBeiza in /Users/hernanBeiza/Documents/GitHub/JavAPI/JavAPI)
2018-09-06 13:06:55 [32mINFO [m JavApiApplication:662 - No active profile set, falling back to default profiles: default
2018-09-06 13:07:00 [32mINFO [m JavApiApplication:59 - Started JavApiApplication in 6.72 seconds (JVM running for 8.161)
2018-09-06 13:07:50 [32mINFO [m JavApiApplication:50 - Starting JavApiApplication on HBMacBookPro.local with PID 3898 (/Users/hernanBeiza/Documents/GitHub/JavAPI/JavAPI/target/classes started by hernanBeiza in /Users/hernanBeiza/Documents/GitHub/JavAPI/JavAPI)
2018-09-06 13:07:50 [32mINFO [m JavApiApplication:662 - No active profile set, falling back to default profiles: default
2018-09-06 13:07:57 [32mINFO [m JavApiApplication:59 - Started JavApiApplication in 7.74 seconds (JVM running for 9.984)
2018-09-06 13:08:05 [32mINFO [m NotaController:55 - POST guardar();
2018-09-06 13:08:09 [32mINFO [m NotaController:55 - POST guardar();
2018-09-06 13:08:12 [32mINFO [m NotaController:55 - POST guardar();
2018-09-06 13:08:32 [32mINFO [m JavApiApplication:50 - Starting JavApiApplication on HBMacBookPro.local with PID 3910 (/Users/hernanBeiza/Documents/GitHub/JavAPI/JavAPI/target/classes started by hernanBeiza in /Users/hernanBeiza/Documents/GitHub/JavAPI/JavAPI)
2018-09-06 13:08:32 [32mINFO [m JavApiApplication:662 - No active profile set, falling back to default profiles: default
2018-09-06 13:08:38 [32mINFO [m JavApiApplication:59 - Started JavApiApplication in 6.769 seconds (JVM running for 9.609)
2018-09-06 13:08:39 [32mINFO [m NotaController:83 - PUT editar();
2018-09-06 13:09:14 [32mINFO [m JavApiApplication:50 - Starting JavApiApplication on HBMacBookPro.local with PID 3918 (/Users/hernanBeiza/Documents/GitHub/JavAPI/JavAPI/target/classes started by hernanBeiza in /Users/hernanBeiza/Documents/GitHub/JavAPI/JavAPI)
2018-09-06 13:09:14 [32mINFO [m JavApiApplication:662 - No active profile set, falling back to default profiles: default
2018-09-06 13:09:21 [32mINFO [m JavApiApplication:59 - Started JavApiApplication in 7.393 seconds (JVM running for 9.576)
2018-09-06 13:09:25 [32mINFO [m NotaController:83 - PUT editar();
2018-09-06 13:10:30 [32mINFO [m JavApiApplication:50 - Starting JavApiApplication on HBMacBookPro.local with PID 3925 (/Users/hernanBeiza/Documents/GitHub/JavAPI/JavAPI/target/classes started by hernanBeiza in /Users/hernanBeiza/Documents/GitHub/JavAPI/JavAPI)
2018-09-06 13:10:30 [32mINFO [m JavApiApplication:662 - No active profile set, falling back to default profiles: default
2018-09-06 13:10:36 [32mINFO [m JavApiApplication:59 - Started JavApiApplication in 6.86 seconds (JVM running for 9.064)
2018-09-06 13:10:38 [32mINFO [m NotaController:83 - PUT editar();
2018-09-06 13:10:40 [32mINFO [m NotaController:83 - PUT editar();
2018-09-06 13:10:44 [32mINFO [m NotaController:117 - DELETE eliminar();
2018-09-06 13:11:22 [32mINFO [m JavApiApplication:50 - Starting JavApiApplication on HBMacBookPro.local with PID 3932 (/Users/hernanBeiza/Documents/GitHub/JavAPI/JavAPI/target/classes started by hernanBeiza in /Users/hernanBeiza/Documents/GitHub/JavAPI/JavAPI)
2018-09-06 13:11:22 [32mINFO [m JavApiApplication:662 - No active profile set, falling back to default profiles: default
2018-09-06 13:11:28 [32mINFO [m JavApiApplication:59 - Started JavApiApplication in 6.78 seconds (JVM running for 8.756)
2018-09-06 13:11:29 [32mINFO [m NotaController:116 - DELETE eliminar();
2018-09-06 13:11:37 [32mINFO [m NotaController:116 - DELETE eliminar();
2018-09-06 13:15:24 [32mINFO [m JavApiApplication:50 - Starting JavApiApplication on HBMacBookPro.local with PID 3974 (/Users/hernanBeiza/Documents/GitHub/JavAPI/JavAPI/target/classes started by hernanBeiza in /Users/hernanBeiza/Documents/GitHub/JavAPI/JavAPI)
2018-09-06 13:15:24 [32mINFO [m JavApiApplication:662 - No active profile set, falling back to default profiles: default
2018-09-06 13:15:30 [32mINFO [m JavApiApplication:59 - Started JavApiApplication in 6.809 seconds (JVM running for 9.031)
2018-09-06 13:15:30 [32mINFO [m JavApiApplication:22 - main();
2018-09-06 17:36:05 [32mINFO [m JavApiApplication:50 - Starting JavApiApplication on HBMacBookPro.local with PID 676 (/Users/hernanBeiza/Documents/GitHub/JavAPI/JavAPI/target/classes started by hernanBeiza in /Users/hernanBeiza/Documents/GitHub/JavAPI/JavAPI)
2018-09-06 17:36:05 [32mINFO [m JavApiApplication:662 - No active profile set, falling back to default profiles: default
2018-09-06 17:36:15 [32mINFO [m JavApiApplication:59 - Started JavApiApplication in 9.86 seconds (JVM running for 12.712)
2018-09-06 17:36:15 [32mINFO [m JavApiApplication:22 - main();
2018-09-06 17:43:37 [32mINFO [m JavApiApplication:50 - Starting JavApiApplication on HBMacBookPro.local with PID 715 (/Users/hernanBeiza/Documents/GitHub/JavAPI/JavAPI/target/classes started by hernanBeiza in /Users/hernanBeiza/Documents/GitHub/JavAPI/JavAPI)
2018-09-06 17:43:37 [32mINFO [m JavApiApplication:662 - No active profile set, falling back to default profiles: default
2018-09-06 17:43:43 [32mINFO [m JavApiApplication:59 - Started JavApiApplication in 6.63 seconds (JVM running for 8.273)
2018-09-06 17:43:43 [32mINFO [m JavApiApplication:22 - main();
2018-09-06 17:43:56 [32mINFO [m NotaController:33 - GET obtenerConID();
2018-09-06 17:44:11 [32mINFO [m NotaController:33 - GET obtenerConID();
2018-09-06 17:46:23 [32mINFO [m JavApiApplication:50 - Starting JavApiApplication on HBMacBookPro.local with PID 730 (/Users/hernanBeiza/Documents/GitHub/JavAPI/JavAPI/target/classes started by hernanBeiza in /Users/hernanBeiza/Documents/GitHub/JavAPI/JavAPI)
2018-09-06 17:46:23 [32mINFO [m JavApiApplication:662 - No active profile set, falling back to default profiles: default
2018-09-06 17:46:30 [32mINFO [m JavApiApplication:59 - Started JavApiApplication in 8.248 seconds (JVM running for 10.11)
2018-09-06 17:46:30 [32mINFO [m JavApiApplication:22 - main();
2018-09-06 17:46:32 [32mINFO [m NotaController:49 - GET obtenerConID();
2018-09-06 17:46:44 [32mINFO [m NotaController:30 - GET obtener();
2018-09-06 17:46:44 [32mINFO [m NotaDAOIMP:25 - SELECT n FROM NotaEntity AS n
2018-09-06 17:46:44 [1;31mERROR[m NotaDAOIMP:31 - org.hibernate.exception.SQLGrammarException: could not extract ResultSet
2018-09-06 17:46:44 [1;31mERROR[m NotaServiceIMP:38 - No se encontraron notas
2018-09-06 17:47:07 [32mINFO [m JavApiApplication:50 - Starting JavApiApplication on HBMacBookPro.local with PID 743 (/Users/hernanBeiza/Documents/GitHub/JavAPI/JavAPI/target/classes started by hernanBeiza in /Users/hernanBeiza/Documents/GitHub/JavAPI/JavAPI)
2018-09-06 17:47:07 [32mINFO [m JavApiApplication:662 - No active profile set, falling back to default profiles: default
2018-09-06 17:47:13 [32mINFO [m JavApiApplication:59 - Started JavApiApplication in 6.569 seconds (JVM running for 8.139)
2018-09-06 17:47:13 [32mINFO [m JavApiApplication:22 - main();
2018-09-06 17:47:22 [32mINFO [m NotaController:30 - GET obtener();
2018-09-06 17:47:22 [32mINFO [m NotaDAOIMP:25 - SELECT n FROM NotaEntity AS n
2018-09-06 17:47:22 [1;31mERROR[m NotaDAOIMP:31 - org.hibernate.exception.SQLGrammarException: could not extract ResultSet
2018-09-06 17:47:22 [1;31mERROR[m NotaServiceIMP:38 - No se encontraron notas
2018-09-06 17:48:08 [32mINFO [m NotaController:30 - GET obtener();
2018-09-06 17:48:08 [32mINFO [m NotaDAOIMP:25 - SELECT n FROM NotaEntity AS n
2018-09-06 17:48:08 [1;31mERROR[m NotaDAOIMP:31 - org.hibernate.exception.SQLGrammarException: could not extract ResultSet
2018-09-06 17:48:08 [1;31mERROR[m NotaServiceIMP:38 - No se encontraron notas
2018-09-06 17:48:33 [32mINFO [m NotaController:30 - GET obtener();
2018-09-06 17:48:33 [32mINFO [m NotaDAOIMP:25 - SELECT n FROM NotaEntity AS n
2018-09-06 17:48:33 [1;31mERROR[m NotaDAOIMP:31 - org.hibernate.exception.SQLGrammarException: could not extract ResultSet
2018-09-06 17:48:33 [1;31mERROR[m NotaServiceIMP:38 - No se encontraron notas
2018-09-06 17:48:53 [32mINFO [m JavApiApplication:50 - Starting JavApiApplication on HBMacBookPro.local with PID 763 (/Users/hernanBeiza/Documents/GitHub/JavAPI/JavAPI/target/classes started by hernanBeiza in /Users/hernanBeiza/Documents/GitHub/JavAPI/JavAPI)
2018-09-06 17:48:53 [32mINFO [m JavApiApplication:662 - No active profile set, falling back to default profiles: default
2018-09-06 17:48:59 [32mINFO [m JavApiApplication:59 - Started JavApiApplication in 5.995 seconds (JVM running for 7.692)
2018-09-06 17:48:59 [32mINFO [m JavApiApplication:22 - main();
2018-09-06 17:49:02 [32mINFO [m NotaController:30 - GET obtener();
2018-09-06 17:49:02 [32mINFO [m NotaDAOIMP:25 - SELECT n FROM NotaEntity AS n
2018-09-06 17:49:02 [1;31mERROR[m NotaDAOIMP:31 - org.hibernate.exception.SQLGrammarException: could not extract ResultSet
2018-09-06 17:49:02 [1;31mERROR[m NotaServiceIMP:38 - No se encontraron notas
2018-09-06 17:51:44 [32mINFO [m NotaController:30 - GET obtener();
2018-09-06 17:51:44 [32mINFO [m NotaDAOIMP:25 - SELECT n FROM NotaEntity AS n
2018-09-06 17:51:44 [1;31mERROR[m NotaDAOIMP:31 - org.hibernate.exception.SQLGrammarException: could not extract ResultSet
2018-09-06 17:51:44 [1;31mERROR[m NotaServiceIMP:38 - No se encontraron notas
2018-09-06 17:53:01 [32mINFO [m JavApiApplication:50 - Starting JavApiApplication on HBMacBookPro.local with PID 781 (/Users/hernanBeiza/Documents/GitHub/JavAPI/JavAPI/target/classes started by hernanBeiza in /Users/hernanBeiza/Documents/GitHub/JavAPI/JavAPI)
2018-09-06 17:53:01 [32mINFO [m JavApiApplication:662 - No active profile set, falling back to default profiles: default
2018-09-06 17:53:06 [32mINFO [m JavApiApplication:59 - Started JavApiApplication in 5.598 seconds (JVM running for 7.68)
2018-09-06 17:53:06 [32mINFO [m JavApiApplication:22 - main();
2018-09-06 17:53:17 [32mINFO [m NotaController:30 - GET obtener();
2018-09-06 17:53:17 [32mINFO [m NotaDAOIMP:25 - SELECT n FROM NotaEntity AS n
2018-09-06 17:53:18 [32mINFO [m NotaServiceIMP:27 - Notas encontradas
2018-09-06 17:53:22 [32mINFO [m NotaController:49 - GET obtenerConID();
2018-09-06 17:56:15 [32mINFO [m JavApiApplication:50 - Starting JavApiApplication on HBMacBookPro.local with PID 794 (/Users/hernanBeiza/Documents/GitHub/JavAPI/JavAPI/target/classes started by hernanBeiza in /Users/hernanBeiza/Documents/GitHub/JavAPI/JavAPI)
2018-09-06 17:56:15 [32mINFO [m JavApiApplication:662 - No active profile set, falling back to default profiles: default
2018-09-06 17:56:20 [32mINFO [m JavApiApplication:59 - Started JavApiApplication in 6.014 seconds (JVM running for 7.775)
2018-09-06 17:56:20 [32mINFO [m JavApiApplication:22 - main();
2018-09-06 17:56:22 [32mINFO [m NotaController:49 - GET obtenerConID();
2018-09-06 17:56:22 [32mINFO [m NotaDAOIMP:39 - SELECT n FROM NotaEntity AS n
2018-09-06 17:56:26 [32mINFO [m NotaController:49 - GET obtenerConID();
2018-09-06 17:56:26 [32mINFO [m NotaDAOIMP:39 - SELECT n FROM NotaEntity AS n
2018-09-06 17:56:28 [32mINFO [m NotaController:49 - GET obtenerConID();
2018-09-06 17:56:28 [32mINFO [m NotaDAOIMP:39 - SELECT n FROM NotaEntity AS n
2018-09-06 17:59:20 [32mINFO [m JavApiApplication:50 - Starting JavApiApplication on HBMacBookPro.local with PID 824 (/Users/hernanBeiza/Documents/GitHub/JavAPI/JavAPI/target/classes started by hernanBeiza in /Users/hernanBeiza/Documents/GitHub/JavAPI/JavAPI)
2018-09-06 17:59:20 [32mINFO [m JavApiApplication:662 - No active profile set, falling back to default profiles: default
2018-09-06 18:00:42 [32mINFO [m JavApiApplication:50 - Starting JavApiApplication on HBMacBookPro.local with PID 858 (/Users/hernanBeiza/Documents/GitHub/JavAPI/JavAPI/target/classes started by hernanBeiza in /Users/hernanBeiza/Documents/GitHub/JavAPI/JavAPI)
2018-09-06 18:00:42 [32mINFO [m JavApiApplication:662 - No active profile set, falling back to default profiles: default
2018-09-06 18:00:47 [32mINFO [m JavApiApplication:59 - Started JavApiApplication in 6.155 seconds (JVM running for 7.505)
2018-09-06 18:00:47 [32mINFO [m JavApiApplication:22 - main();
2018-09-06 18:00:55 [32mINFO [m NotaController:49 - GET obtenerConID();
2018-09-06 18:00:55 [1;31mERROR[m NotaDAOIMP:46 - cl.hiperactivo.javapi.Model.DTO.NotaDTO cannot be cast to java.io.Serializable
2018-09-06 18:00:58 [32mINFO [m NotaController:49 - GET obtenerConID();
2018-09-06 18:00:58 [1;31mERROR[m NotaDAOIMP:46 - cl.hiperactivo.javapi.Model.DTO.NotaDTO cannot be cast to java.io.Serializable
2018-09-06 18:00:59 [32mINFO [m NotaController:49 - GET obtenerConID();
2018-09-06 18:00:59 [1;31mERROR[m NotaDAOIMP:46 - cl.hiperactivo.javapi.Model.DTO.NotaDTO cannot be cast to java.io.Serializable
2018-09-06 18:01:50 [32mINFO [m JavApiApplication:50 - Starting JavApiApplication on HBMacBookPro.local with PID 862 (/Users/hernanBeiza/Documents/GitHub/JavAPI/JavAPI/target/classes started by hernanBeiza in /Users/hernanBeiza/Documents/GitHub/JavAPI/JavAPI)
2018-09-06 18:01:50 [32mINFO [m JavApiApplication:662 - No active profile set, falling back to default profiles: default
2018-09-06 18:01:56 [32mINFO [m JavApiApplication:59 - Started JavApiApplication in 5.962 seconds (JVM running for 8.159)
2018-09-06 18:01:56 [32mINFO [m JavApiApplication:22 - main();
2018-09-06 18:02:07 [32mINFO [m NotaController:49 - GET obtenerConID();
2018-09-06 18:02:07 [1;31mERROR[m NotaDAOIMP:48 - Provided id of the wrong type for class cl.hiperactivo.javapi.Model.Entity.NotaEntity. Expected: class java.lang.Integer, got class cl.hiperactivo.javapi.Model.Entity.NotaEntity
2018-09-06 18:02:38 [32mINFO [m JavApiApplication:50 - Starting JavApiApplication on HBMacBookPro.local with PID 866 (/Users/hernanBeiza/Documents/GitHub/JavAPI/JavAPI/target/classes started by hernanBeiza in /Users/hernanBeiza/Documents/GitHub/JavAPI/JavAPI)
2018-09-06 18:02:38 [32mINFO [m JavApiApplication:662 - No active profile set, falling back to default profiles: default
2018-09-06 18:02:46 [32mINFO [m JavApiApplication:59 - Started JavApiApplication in 9.622 seconds (JVM running for 10.949)
2018-09-06 18:02:46 [32mINFO [m JavApiApplication:22 - main();
2018-09-06 18:02:49 [32mINFO [m NotaController:49 - GET obtenerConID();
2018-09-06 18:02:52 [32mINFO [m NotaController:49 - GET obtenerConID();
2018-09-06 18:03:21 [32mINFO [m JavApiApplication:50 - Starting JavApiApplication on HBMacBookPro.local with PID 875 (/Users/hernanBeiza/Documents/GitHub/JavAPI/JavAPI/target/classes started by hernanBeiza in /Users/hernanBeiza/Documents/GitHub/JavAPI/JavAPI)
2018-09-06 18:03:21 [32mINFO [m JavApiApplication:662 - No active profile set, falling back to default profiles: default
2018-09-06 18:03:27 [32mINFO [m JavApiApplication:59 - Started JavApiApplication in 5.977 seconds (JVM running for 7.527)
2018-09-06 18:03:27 [32mINFO [m JavApiApplication:22 - main();
2018-09-06 18:03:30 [32mINFO [m NotaController:49 - GET obtenerConID();
2018-09-06 18:03:30 [1;31mERROR[m NotaDAOIMP:46 - No entity found for query
2018-09-06 18:03:33 [32mINFO [m NotaController:49 - GET obtenerConID();
2018-09-10 18:02:30 [32mINFO [m JavApiApplication:50 - Starting JavApiApplication on HBMacBookPro.local with PID 13581 (/Users/hernanBeiza/Documents/GitHub/JavAPI/JavAPI/target/classes started by hernanBeiza in /Users/hernanBeiza/Documents/GitHub/JavAPI/JavAPI)
2018-09-10 18:02:30 [32mINFO [m JavApiApplication:662 - No active profile set, falling back to default profiles: default
2018-09-10 18:02:37 [32mINFO [m JavApiApplication:59 - Started JavApiApplication in 7.298 seconds (JVM running for 9.899)
2018-09-10 18:02:37 [32mINFO [m JavApiApplication:22 - main();
2018-09-10 18:02:47 [32mINFO [m NotaController:82 - POST guardar();
2018-09-10 18:02:59 [32mINFO [m NotaController:82 - POST guardar();
2018-09-10 18:03:04 [32mINFO [m NotaController:82 - POST guardar();
2018-09-10 18:04:07 [32mINFO [m JavApiApplication:50 - Starting JavApiApplication on HBMacBookPro.local with PID 13620 (/Users/hernanBeiza/Documents/GitHub/JavAPI/JavAPI/target/classes started by hernanBeiza in /Users/hernanBeiza/Documents/GitHub/JavAPI/JavAPI)
2018-09-10 18:04:07 [32mINFO [m JavApiApplication:662 - No active profile set, falling back to default profiles: default
2018-09-10 18:04:17 [32mINFO [m JavApiApplication:59 - Started JavApiApplication in 10.92 seconds (JVM running for 12.877)
2018-09-10 18:04:17 [32mINFO [m JavApiApplication:22 - main();
2018-09-10 18:06:45 [32mINFO [m JavApiApplication:50 - Starting JavApiApplication on HBMacBookPro.local with PID 13647 (/Users/hernanBeiza/Documents/GitHub/JavAPI/JavAPI/target/classes started by hernanBeiza in /Users/hernanBeiza/Documents/GitHub/JavAPI/JavAPI)
2018-09-10 18:06:45 [32mINFO [m JavApiApplication:662 - No active profile set, falling back to default profiles: default
2018-09-10 18:06:51 [32mINFO [m JavApiApplication:59 - Started JavApiApplication in 6.853 seconds (JVM running for 9.054)
2018-09-10 18:06:51 [32mINFO [m JavApiApplication:22 - main();
2018-09-10 18:06:58 [32mINFO [m NotaController:81 - POST guardar();
2018-09-10 18:06:58 [32mINFO [m NotaDAOIMP:53 - guardar();
2018-09-10 18:06:58 [1;31mERROR[m NotaDAOIMP:61 - No EntityManager with actual transaction available for current thread - cannot reliably process 'persist' call
2018-09-10 18:07:10 [32mINFO [m NotaController:81 - POST guardar();
2018-09-10 18:07:10 [32mINFO [m NotaDAOIMP:53 - guardar();
2018-09-10 18:07:10 [1;31mERROR[m NotaDAOIMP:61 - No EntityManager with actual transaction available for current thread - cannot reliably process 'persist' call
2018-09-10 18:10:13 [32mINFO [m JavApiApplication:50 - Starting JavApiApplication on HBMacBookPro.local with PID 13677 (/Users/hernanBeiza/Documents/GitHub/JavAPI/JavAPI/target/classes started by hernanBeiza in /Users/hernanBeiza/Documents/GitHub/JavAPI/JavAPI)
2018-09-10 18:10:13 [32mINFO [m JavApiApplication:662 - No active profile set, falling back to default profiles: default
2018-09-10 18:10:19 [32mINFO [m JavApiApplication:59 - Started JavApiApplication in 5.864 seconds (JVM running for 7.66)
2018-09-10 18:10:19 [32mINFO [m JavApiApplication:22 - main();
2018-09-10 18:10:24 [32mINFO [m NotaController:81 - POST guardar();
2018-09-10 18:10:24 [32mINFO [m NotaDAOIMP:53 - guardar();
2018-09-10 18:13:49 [32mINFO [m JavApiApplication:50 - Starting JavApiApplication on HBMacBookPro.local with PID 13701 (/Users/hernanBeiza/Documents/GitHub/JavAPI/JavAPI/target/classes started by hernanBeiza in /Users/hernanBeiza/Documents/GitHub/JavAPI/JavAPI)
2018-09-10 18:13:49 [32mINFO [m JavApiApplication:662 - No active profile set, falling back to default profiles: default
2018-09-10 18:13:56 [32mINFO [m JavApiApplication:59 - Started JavApiApplication in 7.173 seconds (JVM running for 9.274)
2018-09-10 18:13:56 [32mINFO [m JavApiApplication:22 - main();
2018-09-10 18:13:58 [32mINFO [m NotaController:118 - PUT editar();
2018-09-10 18:14:01 [32mINFO [m NotaController:118 - PUT editar();
2018-09-10 18:15:02 [32mINFO [m JavApiApplication:50 - Starting JavApiApplication on HBMacBookPro.local with PID 13707 (/Users/hernanBeiza/Documents/GitHub/JavAPI/JavAPI/target/classes started by hernanBeiza in /Users/hernanBeiza/Documents/GitHub/JavAPI/JavAPI)
2018-09-10 18:15:02 [32mINFO [m JavApiApplication:662 - No active profile set, falling back to default profiles: default
2018-09-10 18:15:08 [32mINFO [m JavApiApplication:59 - Started JavApiApplication in 6.489 seconds (JVM running for 8.406)
2018-09-10 18:15:08 [32mINFO [m JavApiApplication:22 - main();
2018-09-10 18:15:12 [32mINFO [m NotaController:118 - PUT editar();
2018-09-10 18:15:12 [32mINFO [m NotaDAOIMP:69 - editar();
2018-09-10 18:16:21 [32mINFO [m NotaController:118 - PUT editar();
2018-09-10 18:16:21 [32mINFO [m NotaDAOIMP:69 - editar();
2018-09-10 18:16:40 [32mINFO [m NotaController:118 - PUT editar();
2018-09-10 18:16:40 [32mINFO [m NotaDAOIMP:69 - editar();
2018-09-10 18:17:23 [32mINFO [m JavApiApplication:50 - Starting JavApiApplication on HBMacBookPro.local with PID 13725 (/Users/hernanBeiza/Documents/GitHub/JavAPI/JavAPI/target/classes started by hernanBeiza in /Users/hernanBeiza/Documents/GitHub/JavAPI/JavAPI)
2018-09-10 18:17:23 [32mINFO [m JavApiApplication:662 - No active profile set, falling back to default profiles: default
2018-09-10 18:17:29 [32mINFO [m JavApiApplication:59 - Started JavApiApplication in 6.834 seconds (JVM running for 8.728)
2018-09-10 18:17:29 [32mINFO [m JavApiApplication:22 - main();
2018-09-10 18:18:56 [32mINFO [m JavApiApplication:50 - Starting JavApiApplication on HBMacBookPro.local with PID 13754 (/Users/hernanBeiza/Documents/GitHub/JavAPI/JavAPI/target/classes started by hernanBeiza in /Users/hernanBeiza/Documents/GitHub/JavAPI/JavAPI)
2018-09-10 18:18:56 [32mINFO [m JavApiApplication:662 - No active profile set, falling back to default profiles: default
2018-09-10 18:19:05 [32mINFO [m JavApiApplication:59 - Started JavApiApplication in 10.384 seconds (JVM running for 12.362)
2018-09-10 18:19:05 [32mINFO [m JavApiApplication:22 - main();
2018-09-10 18:20:29 [32mINFO [m JavApiApplication:50 - Starting JavApiApplication on HBMacBookPro.local with PID 13764 (/Users/hernanBeiza/Documents/GitHub/JavAPI/JavAPI/target/classes started by hernanBeiza in /Users/hernanBeiza/Documents/GitHub/JavAPI/JavAPI)
2018-09-10 18:20:29 [32mINFO [m JavApiApplication:662 - No active profile set, falling back to default profiles: default
2018-09-10 18:20:34 [32mINFO [m JavApiApplication:59 - Started JavApiApplication in 6.253 seconds (JVM running for 7.873)
2018-09-10 18:20:34 [32mINFO [m JavApiApplication:22 - main();
2018-09-10 18:20:42 [32mINFO [m NotaController:165 - DELETE eliminar();
2018-09-10 18:20:42 [1;31mERROR[m NotaDAOIMP:91 - Removing a detached instance cl.hiperactivo.javapi.Model.Entity.NotaEntity#3
2018-09-10 18:20:45 [32mINFO [m NotaController:165 - DELETE eliminar();
2018-09-10 18:20:45 [1;31mERROR[m NotaDAOIMP:91 - Removing a detached instance cl.hiperactivo.javapi.Model.Entity.NotaEntity#4
2018-09-10 18:20:54 [32mINFO [m NotaController:165 - DELETE eliminar();
2018-09-10 18:20:54 [1;31mERROR[m NotaDAOIMP:91 - Removing a detached instance cl.hiperactivo.javapi.Model.Entity.NotaEntity#4
2018-09-10 18:21:13 [32mINFO [m NotaController:165 - DELETE eliminar();
2018-09-10 18:21:13 [1;31mERROR[m NotaDAOIMP:91 - Removing a detached instance cl.hiperactivo.javapi.Model.Entity.NotaEntity#2
2018-09-10 18:23:16 [32mINFO [m JavApiApplication:50 - Starting JavApiApplication on HBMacBookPro.local with PID 13774 (/Users/hernanBeiza/Documents/GitHub/JavAPI/JavAPI/target/classes started by hernanBeiza in /Users/hernanBeiza/Documents/GitHub/JavAPI/JavAPI)
2018-09-10 18:23:16 [32mINFO [m JavApiApplication:662 - No active profile set, falling back to default profiles: default
2018-09-10 18:23:21 [32mINFO [m JavApiApplication:59 - Started JavApiApplication in 5.69 seconds (JVM running for 7.331)
2018-09-10 18:23:21 [32mINFO [m JavApiApplication:22 - main();
2018-09-10 18:23:25 [32mINFO [m NotaController:165 - DELETE eliminar();
2018-09-10 18:23:25 [32mINFO [m NotaDAOIMP:85 - eliminar();
2018-09-10 18:23:25 [32mINFO [m NotaDAOIMP:39 - SELECT r FROM NotaEntity AS r WHERE r.idNota = 2
2018-09-10 18:23:27 [32mINFO [m NotaController:165 - DELETE eliminar();
2018-09-10 18:23:27 [32mINFO [m NotaDAOIMP:85 - eliminar();
2018-09-10 18:23:27 [32mINFO [m NotaDAOIMP:39 - SELECT r FROM NotaEntity AS r WHERE r.idNota = 2
2018-09-10 18:23:27 [1;31mERROR[m NotaDAOIMP:46 - No entity found for query
2018-09-10 18:23:28 [32mINFO [m NotaController:165 - DELETE eliminar();
2018-09-10 18:23:28 [32mINFO [m NotaDAOIMP:85 - eliminar();
2018-09-10 18:23:28 [32mINFO [m NotaDAOIMP:39 - SELECT r FROM NotaEntity AS r WHERE r.idNota = 2
2018-09-10 18:23:28 [1;31mERROR[m NotaDAOIMP:46 - No entity found for query
2018-09-10 18:24:33 [32mINFO [m NotaController:81 - POST guardar();
2018-09-10 18:24:33 [32mINFO [m NotaDAOIMP:53 - guardar();
2018-09-10 18:24:55 [32mINFO [m JavApiApplication:50 - Starting JavApiApplication on HBMacBookPro.local with PID 13779 (/Users/hernanBeiza/Documents/GitHub/JavAPI/JavAPI/target/classes started by hernanBeiza in /Users/hernanBeiza/Documents/GitHub/JavAPI/JavAPI)
2018-09-10 18:24:55 [32mINFO [m JavApiApplication:662 - No active profile set, falling back to default profiles: default
2018-09-10 18:25:00 [32mINFO [m JavApiApplication:59 - Started JavApiApplication in 5.747 seconds (JVM running for 6.796)
2018-09-10 18:25:00 [32mINFO [m JavApiApplication:22 - main();
2018-09-10 18:25:05 [32mINFO [m NotaController:81 - POST guardar();
2018-09-10 18:25:05 [32mINFO [m NotaDAOIMP:53 - guardar();
2018-09-10 18:25:15 [32mINFO [m NotaController:119 - PUT editar();
2018-09-10 18:25:15 [32mINFO [m NotaDAOIMP:69 - editar();
